[2024-02-13 12:09:21] local.ERROR: Command "server" is not defined.

Did you mean one of these?
    make:observer
    serve {"exception":"[object] (Symfony\\Component\\Console\\Exception\\CommandNotFoundException(code: 0): Command \"server\" is not defined.

Did you mean one of these?
    make:observer
    serve at D:\\xampp\\htdocs\\zapdepot\\zapdepot-backend\\vendor\\symfony\\console\\Application.php:737)
[stacktrace]
#0 D:\\xampp\\htdocs\\zapdepot\\zapdepot-backend\\vendor\\symfony\\console\\Application.php(266): Symfony\\Component\\Console\\Application->find('server')
#1 D:\\xampp\\htdocs\\zapdepot\\zapdepot-backend\\vendor\\symfony\\console\\Application.php(175): Symfony\\Component\\Console\\Application->doRun(Object(Symfony\\Component\\Console\\Input\\ArgvInput), Object(Symfony\\Component\\Console\\Output\\ConsoleOutput))
#2 D:\\xampp\\htdocs\\zapdepot\\zapdepot-backend\\vendor\\laravel\\framework\\src\\Illuminate\\Console\\Application.php(102): Symfony\\Component\\Console\\Application->run(Object(Symfony\\Component\\Console\\Input\\ArgvInput), Object(Symfony\\Component\\Console\\Output\\ConsoleOutput))
#3 D:\\xampp\\htdocs\\zapdepot\\zapdepot-backend\\vendor\\laravel\\framework\\src\\Illuminate\\Foundation\\Console\\Kernel.php(155): Illuminate\\Console\\Application->run(Object(Symfony\\Component\\Console\\Input\\ArgvInput), Object(Symfony\\Component\\Console\\Output\\ConsoleOutput))
#4 D:\\xampp\\htdocs\\zapdepot\\zapdepot-backend\\artisan(35): Illuminate\\Foundation\\Console\\Kernel->handle(Object(Symfony\\Component\\Console\\Input\\ArgvInput), Object(Symfony\\Component\\Console\\Output\\ConsoleOutput))
#5 {main}
"} 
[2024-02-13 12:18:14] local.INFO: send-aweber  
[2024-02-13 12:18:16] local.INFO: send-aweber  
[2024-02-13 12:18:18] local.INFO: send-aweber  
[2024-02-13 12:18:19] local.INFO: send-aweber  
[2024-02-13 12:18:20] local.INFO: send-aweber  
[2024-02-13 12:18:21] local.INFO: send-aweber  
[2024-02-13 12:18:22] local.INFO: send-aweber  
[2024-02-13 12:18:24] local.INFO: send-aweber  
[2024-02-13 12:18:26] local.INFO: send-aweber  
[2024-02-13 12:18:28] local.INFO: send-aweber  
[2024-02-13 12:18:29] local.INFO: send-aweber  
